<?xml version="1.0" encoding="UTF-8"?>
<testng-results ignored="0" total="1" passed="1" failed="0" skipped="0">
  <reporter-output>
  </reporter-output>
  <suite started-at="2024-03-11T12:22:42 IST" name="Default suite" finished-at="2024-03-11T12:22:46 IST" duration-ms="4681">
    <groups>
    </groups>
    <test started-at="2024-03-11T12:22:42 IST" name="Default test" finished-at="2024-03-11T12:22:46 IST" duration-ms="4681">
      <class name="episode17.HandleButtons">
        <test-method signature="main()[pri:0, instance:episode17.HandleButtons@78e4deb0]" started-at="2024-03-11T12:22:42 IST" name="main" finished-at="2024-03-11T12:22:46 IST" duration-ms="4598" status="PASS">
          <reporter-output>
          </reporter-output>
        </test-method> <!-- main -->
      </class> <!-- episode17.HandleButtons -->
    </test> <!-- Default test -->
  </suite> <!-- Default suite -->
</testng-results>
